  main.cpp
c:\opencv-3.2.0\opencv_final\install\include\opencv2\core\mat.hpp(2586): warning C4819: The file contains a character that cannot be represented in the current code page (932). Save the file in Unicode format to prevent data loss
c:\opencv-3.2.0\opencv_final\install\include\opencv2\core\persistence.hpp : warning C4819: The file contains a character that cannot be represented in the current code page (932). Save the file in Unicode format to prevent data loss
c:\opencv-3.2.0\opencv_final\install\include\opencv2\core\utility.hpp : warning C4819: The file contains a character that cannot be represented in the current code page (932). Save the file in Unicode format to prevent data loss
c:\opencv-3.2.0\opencv_final\install\include\opencv2\core\utility.hpp : warning C4819: The file contains a character that cannot be represented in the current code page (932). Save the file in Unicode format to prevent data loss
c:\opencv-3.2.0\opencv_final\install\include\opencv2\flann\logger.h(66): warning C4996: 'fopen': This function or variable may be unsafe. Consider using fopen_s instead. To disable deprecation, use _CRT_SECURE_NO_WARNINGS. See online help for details.
  c:\program files (x86)\windows kits\10\include\10.0.10240.0\ucrt\stdio.h(205): note: see declaration of 'fopen'
c:\opencv-3.2.0\opencv_final\install\include\opencv2\imgproc.hpp(592): warning C4819: The file contains a character that cannot be represented in the current code page (932). Save the file in Unicode format to prevent data loss
c:\users\trinh\desktop\vqmt_visualstudioproject\vqmt_visualstudioproject\inc\ssim.hpp : warning C4819: The file contains a character that cannot be represented in the current code page (932). Save the file in Unicode format to prevent data loss
c:\users\trinh\desktop\vqmt_visualstudioproject\vqmt_visualstudioproject\inc\msssim.hpp : warning C4819: The file contains a character that cannot be represented in the current code page (932). Save the file in Unicode format to prevent data loss
c:\users\trinh\desktop\vqmt_visualstudioproject\vqmt_visualstudioproject\src\main.cpp(176): warning C4996: 'sprintf': This function or variable may be unsafe. Consider using sprintf_s instead. To disable deprecation, use _CRT_SECURE_NO_WARNINGS. See online help for details.
  c:\program files (x86)\windows kits\10\include\10.0.10240.0\ucrt\stdio.h(1769): note: see declaration of 'sprintf'
c:\users\trinh\desktop\vqmt_visualstudioproject\vqmt_visualstudioproject\src\main.cpp(177): warning C4996: 'fopen': This function or variable may be unsafe. Consider using fopen_s instead. To disable deprecation, use _CRT_SECURE_NO_WARNINGS. See online help for details.
  c:\program files (x86)\windows kits\10\include\10.0.10240.0\ucrt\stdio.h(205): note: see declaration of 'fopen'
c:\users\trinh\desktop\vqmt_visualstudioproject\vqmt_visualstudioproject\src\main.cpp(180): warning C4996: 'sprintf': This function or variable may be unsafe. Consider using sprintf_s instead. To disable deprecation, use _CRT_SECURE_NO_WARNINGS. See online help for details.
  c:\program files (x86)\windows kits\10\include\10.0.10240.0\ucrt\stdio.h(1769): note: see declaration of 'sprintf'
c:\users\trinh\desktop\vqmt_visualstudioproject\vqmt_visualstudioproject\src\main.cpp(181): warning C4996: 'fopen': This function or variable may be unsafe. Consider using fopen_s instead. To disable deprecation, use _CRT_SECURE_NO_WARNINGS. See online help for details.
  c:\program files (x86)\windows kits\10\include\10.0.10240.0\ucrt\stdio.h(205): note: see declaration of 'fopen'
c:\users\trinh\desktop\vqmt_visualstudioproject\vqmt_visualstudioproject\src\main.cpp(184): warning C4996: 'sprintf': This function or variable may be unsafe. Consider using sprintf_s instead. To disable deprecation, use _CRT_SECURE_NO_WARNINGS. See online help for details.
  c:\program files (x86)\windows kits\10\include\10.0.10240.0\ucrt\stdio.h(1769): note: see declaration of 'sprintf'
c:\users\trinh\desktop\vqmt_visualstudioproject\vqmt_visualstudioproject\src\main.cpp(185): warning C4996: 'fopen': This function or variable may be unsafe. Consider using fopen_s instead. To disable deprecation, use _CRT_SECURE_NO_WARNINGS. See online help for details.
  c:\program files (x86)\windows kits\10\include\10.0.10240.0\ucrt\stdio.h(205): note: see declaration of 'fopen'
c:\users\trinh\desktop\vqmt_visualstudioproject\vqmt_visualstudioproject\src\main.cpp(188): warning C4996: 'sprintf': This function or variable may be unsafe. Consider using sprintf_s instead. To disable deprecation, use _CRT_SECURE_NO_WARNINGS. See online help for details.
  c:\program files (x86)\windows kits\10\include\10.0.10240.0\ucrt\stdio.h(1769): note: see declaration of 'sprintf'
c:\users\trinh\desktop\vqmt_visualstudioproject\vqmt_visualstudioproject\src\main.cpp(189): warning C4996: 'fopen': This function or variable may be unsafe. Consider using fopen_s instead. To disable deprecation, use _CRT_SECURE_NO_WARNINGS. See online help for details.
  c:\program files (x86)\windows kits\10\include\10.0.10240.0\ucrt\stdio.h(205): note: see declaration of 'fopen'
c:\users\trinh\desktop\vqmt_visualstudioproject\vqmt_visualstudioproject\src\main.cpp(192): warning C4996: 'sprintf': This function or variable may be unsafe. Consider using sprintf_s instead. To disable deprecation, use _CRT_SECURE_NO_WARNINGS. See online help for details.
  c:\program files (x86)\windows kits\10\include\10.0.10240.0\ucrt\stdio.h(1769): note: see declaration of 'sprintf'
c:\users\trinh\desktop\vqmt_visualstudioproject\vqmt_visualstudioproject\src\main.cpp(193): warning C4996: 'fopen': This function or variable may be unsafe. Consider using fopen_s instead. To disable deprecation, use _CRT_SECURE_NO_WARNINGS. See online help for details.
  c:\program files (x86)\windows kits\10\include\10.0.10240.0\ucrt\stdio.h(205): note: see declaration of 'fopen'
c:\users\trinh\desktop\vqmt_visualstudioproject\vqmt_visualstudioproject\src\main.cpp(196): warning C4996: 'sprintf': This function or variable may be unsafe. Consider using sprintf_s instead. To disable deprecation, use _CRT_SECURE_NO_WARNINGS. See online help for details.
  c:\program files (x86)\windows kits\10\include\10.0.10240.0\ucrt\stdio.h(1769): note: see declaration of 'sprintf'
c:\users\trinh\desktop\vqmt_visualstudioproject\vqmt_visualstudioproject\src\main.cpp(197): warning C4996: 'fopen': This function or variable may be unsafe. Consider using fopen_s instead. To disable deprecation, use _CRT_SECURE_NO_WARNINGS. See online help for details.
  c:\program files (x86)\windows kits\10\include\10.0.10240.0\ucrt\stdio.h(205): note: see declaration of 'fopen'
  VQMT.vcxproj -> C:\Users\Trinh\Desktop\VQMT_VisualStudioProject\VQMT_VisualStudioProject\x64\Debug\VQMT.exe
  VQMT.vcxproj -> C:\Users\Trinh\Desktop\VQMT_VisualStudioProject\VQMT_VisualStudioProject\x64\Debug\VQMT.pdb (Full PDB)
