c:\users\trinh\desktop\vqmt_visualstudioproject\vqmt_visualstudioproject\vqmt\x64\debug\vc140.pdb
c:\users\trinh\desktop\vqmt_visualstudioproject\vqmt_visualstudioproject\vqmt\x64\debug\vc140.idb
c:\users\trinh\desktop\vqmt_visualstudioproject\vqmt_visualstudioproject\vqmt\x64\debug\metric.obj
c:\users\trinh\desktop\vqmt_visualstudioproject\vqmt_visualstudioproject\vqmt\x64\debug\psnr.obj
c:\users\trinh\desktop\vqmt_visualstudioproject\vqmt_visualstudioproject\vqmt\x64\debug\psnrhvs.obj
c:\users\trinh\desktop\vqmt_visualstudioproject\vqmt_visualstudioproject\vqmt\x64\debug\videoyuv.obj
c:\users\trinh\desktop\vqmt_visualstudioproject\vqmt_visualstudioproject\vqmt\x64\debug\vifp.obj
c:\users\trinh\desktop\vqmt_visualstudioproject\vqmt_visualstudioproject\vqmt\x64\debug\qm.obj
c:\users\trinh\desktop\vqmt_visualstudioproject\vqmt_visualstudioproject\vqmt\x64\debug\main.obj
c:\users\trinh\desktop\vqmt_visualstudioproject\vqmt_visualstudioproject\vqmt\x64\debug\ssim.obj
c:\users\trinh\desktop\vqmt_visualstudioproject\vqmt_visualstudioproject\vqmt\x64\debug\msssim.obj
c:\users\trinh\desktop\vqmt_visualstudioproject\vqmt_visualstudioproject\x64\debug\vqmt.ilk
c:\users\trinh\desktop\vqmt_visualstudioproject\vqmt_visualstudioproject\x64\debug\vqmt.exe
c:\users\trinh\desktop\vqmt_visualstudioproject\vqmt_visualstudioproject\x64\debug\vqmt.pdb
c:\users\trinh\desktop\vqmt_visualstudioproject\vqmt_visualstudioproject\vqmt\x64\debug\vqmt.tlog\cl.command.1.tlog
c:\users\trinh\desktop\vqmt_visualstudioproject\vqmt_visualstudioproject\vqmt\x64\debug\vqmt.tlog\cl.read.1.tlog
c:\users\trinh\desktop\vqmt_visualstudioproject\vqmt_visualstudioproject\vqmt\x64\debug\vqmt.tlog\cl.write.1.tlog
c:\users\trinh\desktop\vqmt_visualstudioproject\vqmt_visualstudioproject\vqmt\x64\debug\vqmt.tlog\link.command.1.tlog
c:\users\trinh\desktop\vqmt_visualstudioproject\vqmt_visualstudioproject\vqmt\x64\debug\vqmt.tlog\link.read.1.tlog
c:\users\trinh\desktop\vqmt_visualstudioproject\vqmt_visualstudioproject\vqmt\x64\debug\vqmt.tlog\link.write.1.tlog
